date = 0-1-1
++date = 0-1-2
--date = 0-1-1
date++ = 0-1-1
date-- = 0-1-2
date = 0-1-1

date = 2004-2-28
++date = 2004-2-29
--date = 2004-2-28
date++ = 2004-2-28
date-- = 2004-2-29
date = 2004-2-28

date = 2007-2-28
++date = 2007-3-1
--date = 2007-2-28
date++ = 2007-2-28
date-- = 2007-3-1
date = 2007-2-28

date = 2000-2-28
++date = 2000-2-29
--date = 2000-2-28
date++ = 2000-2-28
date-- = 2000-2-29
date = 2000-2-28

date = 99-12-31
++date = 100-1-1
--date = 99-12-31
date++ = 99-12-31
date-- = 100-1-1
date = 99-12-31

